28.3.2022, 17:12:23 - INFO - Server is running on port: 3030
29.3.2022, 11:39:46 - INFO - Server is running on port: 3030
29.3.2022, 14:59:21 - INFO - Server is running on port: 3030
29.3.2022, 15:03:47 - INFO - Req!!!
29.3.2022, 15:04:57 - INFO - Req!!!
29.3.2022, 15:10:56 - INFO - Server is running on port: 3030
29.3.2022, 15:11:08 - INFO - Req!!!
29.3.2022, 15:11:59 - INFO - Server is running on port: 3030
29.3.2022, 15:12:08 - INFO - Req!!!
29.3.2022, 15:12:29 - INFO - Server is running on port: 3030
29.3.2022, 15:12:36 - INFO - Req!!!
29/03/2022, 15:19:19 - INFO - Server is running on port: 3030
29/03/2022, 15:19:39 - INFO - Req!!!
29/03/2022, 15:22:54 - INFO - Req!!!
29/03/2022, 15:23:01 - INFO - Req!!!
29/03/2022, 15:24:53 - INFO - Req!!!
29/03/2022, 15:25:34 - INFO - Req!!!
29/03/2022, 15:28:21 - INFO - Req!!!
29/03/2022, 15:29:37 - INFO - Req!!!
29/03/2022, 15:30:16 - INFO - Req!!!
29/03/2022, 15:31:26 - INFO - Req!!!
29/03/2022, 15:32:11 - INFO - Req!!!
29/03/2022, 15:32:21 - INFO - Req!!!
29/03/2022, 15:32:40 - INFO - Req!!!
29/03/2022, 15:33:42 - INFO - Req!!!
29/03/2022, 15:33:47 - INFO - Req!!!
29/03/2022, 15:37:18 - INFO - Req!!!
29/03/2022, 15:40:46 - INFO - Req!!!
29/03/2022, 15:41:24 - INFO - Server is running on port: 3030
29/03/2022, 15:41:49 - INFO - Req!!!
29/03/2022, 15:42:06 - INFO - Req!!!
29/03/2022, 15:42:50 - INFO - Req!!!
29/03/2022, 15:42:51 - INFO - Req!!!
29/03/2022, 15:45:41 - INFO - Req!!!
29/03/2022, 15:46:16 - INFO - Req!!!
29/03/2022, 15:47:19 - INFO - Req!!!
29/03/2022, 15:47:38 - INFO - Req!!!
29/03/2022, 15:47:44 - INFO - Req!!!
29/03/2022, 15:48:39 - INFO - Req!!!
29/03/2022, 15:48:44 - INFO - Req!!!
29/03/2022, 15:49:52 - INFO - Req!!!
29/03/2022, 15:50:27 - INFO - Req!!!
29/03/2022, 15:50:35 - INFO - Req!!!
29/03/2022, 15:52:40 - INFO - Req!!!
29/03/2022, 15:54:56 - INFO - Req!!!
29/03/2022, 15:55:43 - INFO - Req!!!
29/03/2022, 15:58:47 - INFO - Req!!!
29.3.2022, 16:20:15 - INFO - Server is running on port: 3030
29.3.2022, 16:27:43 - INFO - Server is running on port: 3030
29.3.2022, 16:33:54 - INFO - Req!!!
29.3.2022, 16:36:26 - INFO - Req!!!
29.3.2022, 16:48:06 - INFO - Req!!!
29.3.2022, 16:48:50 - INFO - Req!!!
29.3.2022, 16:49:27 - INFO - Req!!!
29.3.2022, 16:52:05 - INFO - Req!!!
29.3.2022, 16:53:12 - INFO - Server is running on port: 3030
29.3.2022, 16:55:36 - INFO - Req!!!
29.3.2022, 16:58:09 - INFO - Server is running on port: 3030
29.3.2022, 16:58:20 - INFO - Req!!!
29.3.2022, 16:59:44 - INFO - Server is running on port: 3030
29.3.2022, 16:59:49 - INFO - Req!!!
29.3.2022, 17:00:28 - INFO - Server is running on port: 3030
29.3.2022, 17:00:29 - INFO - Req!!!
29.3.2022, 17:01:12 - INFO - Server is running on port: 3030
29.3.2022, 17:01:14 - INFO - Req!!!
29.3.2022, 17:03:09 - INFO - Server is running on port: 3030
29.3.2022, 17:03:11 - INFO - Req!!!
29/03/2022, 17:21:37 - INFO - Server is running on port: 3030
29/03/2022, 17:21:58 - INFO - Req!!!
29/03/2022, 17:22:22 - INFO - Req!!!
29/03/2022, 17:22:50 - INFO - Req!!!
29/03/2022, 17:25:59 - INFO - Req!!!
29/03/2022, 17:27:05 - INFO - Req!!!
29/03/2022, 17:27:44 - INFO - Req!!!
29/03/2022, 17:28:19 - INFO - Req!!!
29/03/2022, 17:32:27 - INFO - Req!!!
29/03/2022, 17:32:39 - INFO - Req!!!
29/03/2022, 17:35:56 - INFO - Req!!!
29/03/2022, 17:38:14 - INFO - Req!!!
29/03/2022, 17:40:55 - INFO - Req!!!
29/03/2022, 17:41:48 - INFO - Req!!!
29/03/2022, 18:03:36 - INFO - Req!!!
29/03/2022, 18:04:09 - INFO - Req!!!
29/03/2022, 18:07:03 - INFO - Req!!!
29/03/2022, 18:08:48 - INFO - Req!!!
29/03/2022, 18:08:56 - INFO - Req!!!
29/03/2022, 18:09:24 - INFO - Req!!!
29/03/2022, 18:09:37 - INFO - Req!!!
29/03/2022, 18:13:12 - INFO - Req!!!
29/03/2022, 18:14:17 - INFO - Req!!!
29/03/2022, 18:14:23 - INFO - Req!!!
29/03/2022, 18:14:35 - INFO - Req!!!
29/03/2022, 18:14:43 - INFO - Req!!!
29/03/2022, 18:15:16 - INFO - Req!!!
29/03/2022, 18:15:24 - INFO - Req!!!
29/03/2022, 18:28:21 - INFO - Req!!!
29/03/2022, 18:28:29 - INFO - Req!!!
29/03/2022, 18:34:57 - INFO - Req!!!
29/03/2022, 18:35:04 - INFO - Req!!!
29/03/2022, 18:40:27 - INFO - Req!!!
29/03/2022, 18:40:36 - INFO - Req!!!
29/03/2022, 18:41:01 - INFO - Req!!!
29/03/2022, 18:41:06 - INFO - Req!!!
29/03/2022, 18:43:35 - INFO - Req!!!
29/03/2022, 18:43:46 - INFO - Req!!!
29/03/2022, 18:47:16 - INFO - Req!!!
29/03/2022, 18:47:22 - INFO - Req!!!
29/03/2022, 18:49:56 - INFO - Req!!!
29/03/2022, 18:50:01 - INFO - Req!!!
29/03/2022, 18:50:54 - INFO - Req!!!
29/03/2022, 18:52:02 - INFO - Req!!!
29/03/2022, 18:52:09 - INFO - Req!!!
29/03/2022, 18:52:11 - INFO - Req!!!
29/03/2022, 18:52:19 - INFO - Req!!!
29/03/2022, 18:53:12 - INFO - Req!!!
29/03/2022, 18:55:53 - INFO - Req!!!
29/03/2022, 18:56:00 - INFO - Req!!!
29/03/2022, 18:56:34 - INFO - Req!!!
29/03/2022, 18:56:41 - INFO - Req!!!
29/03/2022, 18:56:51 - INFO - Req!!!
29/03/2022, 18:58:06 - INFO - Req!!!
29/03/2022, 18:58:48 - INFO - Req!!!
29/03/2022, 18:58:56 - INFO - Req!!!
29/03/2022, 19:01:04 - INFO - Server is running on port: 3030
29/03/2022, 19:01:27 - INFO - Req!!!
29/03/2022, 19:02:37 - INFO - Req!!!
29/03/2022, 19:06:03 - INFO - Req!!!
29/03/2022, 19:06:29 - INFO - Req!!!
29/03/2022, 19:06:35 - INFO - Req!!!
29/03/2022, 19:07:18 - INFO - Req!!!
29/03/2022, 19:09:30 - INFO - Req!!!
29/03/2022, 19:12:30 - INFO - Req!!!
29/03/2022, 19:12:37 - INFO - Req!!!
29/03/2022, 19:13:24 - INFO - Req!!!
29/03/2022, 19:13:55 - INFO - Req!!!
29/03/2022, 19:14:42 - INFO - Req!!!
29/03/2022, 19:15:52 - INFO - Req!!!
29/03/2022, 19:16:55 - INFO - Req!!!
29/03/2022, 19:16:55 - ERROR - Failed to get stay | {}
29/03/2022, 19:20:29 - INFO - Req!!!
29/03/2022, 19:20:36 - INFO - Req!!!
29/03/2022, 19:21:38 - INFO - Req!!!
29/03/2022, 19:21:43 - INFO - Req!!!
29/03/2022, 19:22:14 - INFO - Req!!!
29/03/2022, 19:22:14 - ERROR - Failed to get stay | {}
29/03/2022, 19:29:11 - INFO - Req!!!
29/03/2022, 19:29:25 - INFO - Req!!!
29/03/2022, 19:29:32 - INFO - Req!!!
29/03/2022, 19:29:45 - INFO - Req!!!
29/03/2022, 19:29:45 - ERROR - Failed to get stay | {}
29/03/2022, 19:32:25 - INFO - Req!!!
29/03/2022, 19:32:26 - INFO - Req!!!
29/03/2022, 19:32:26 - ERROR - Failed to get stay | {}
29/03/2022, 19:32:30 - INFO - Req!!!
29/03/2022, 19:32:37 - INFO - Req!!!
29/03/2022, 19:32:37 - ERROR - Failed to get stay | {}
29/03/2022, 19:34:25 - INFO - Server is running on port: 3030
29/03/2022, 19:34:40 - INFO - Req!!!
29/03/2022, 19:34:40 - INFO - Req!!!
29/03/2022, 19:34:40 - ERROR - Failed to get stay | {}
29/03/2022, 19:34:46 - INFO - Req!!!
29/03/2022, 19:35:00 - INFO - Req!!!
29/03/2022, 19:35:00 - ERROR - Failed to get stay | {}
29/03/2022, 19:36:10 - INFO - Server is running on port: 3030
29/03/2022, 19:36:36 - INFO - Server is running on port: 3030
29/03/2022, 19:36:44 - INFO - Server is running on port: 3030
29/03/2022, 19:36:58 - INFO - Req!!!
29/03/2022, 19:36:58 - INFO - Req!!!
29/03/2022, 19:36:58 - ERROR - Failed to get stay | {}
29/03/2022, 19:37:13 - INFO - Req!!!
29/03/2022, 19:37:18 - INFO - Req!!!
29/03/2022, 19:37:18 - ERROR - Failed to get stay | {}
29/03/2022, 19:37:55 - INFO - Server is running on port: 3030
29/03/2022, 19:37:56 - INFO - Req!!!
29/03/2022, 19:37:57 - INFO - Req!!!
29/03/2022, 19:37:57 - ERROR - Failed to get stay | {}
29/03/2022, 19:38:02 - INFO - Req!!!
29/03/2022, 19:38:08 - INFO - Req!!!
29/03/2022, 19:38:08 - ERROR - Failed to get stay | {}
29/03/2022, 19:39:12 - INFO - Server is running on port: 3030
29/03/2022, 19:39:17 - INFO - Req!!!
29/03/2022, 19:39:18 - INFO - Req!!!
29/03/2022, 19:39:18 - ERROR - Failed to get stay | {}
29/03/2022, 19:39:24 - INFO - Req!!!
29/03/2022, 19:39:30 - INFO - Req!!!
29/03/2022, 19:39:30 - ERROR - Failed to get stay | {}
29/03/2022, 19:41:02 - INFO - Server is running on port: 3030
29/03/2022, 19:41:19 - INFO - Req!!!
29/03/2022, 19:41:19 - INFO - Req!!!
29/03/2022, 19:41:19 - ERROR - Failed to get stay | {}
29/03/2022, 19:41:24 - INFO - Req!!!
29/03/2022, 19:41:31 - INFO - Req!!!
29/03/2022, 19:41:31 - ERROR - Failed to get stay | {}
29/03/2022, 19:42:28 - INFO - Server is running on port: 3030
29/03/2022, 19:42:32 - INFO - Req!!!
29/03/2022, 19:42:32 - INFO - Req!!!
29/03/2022, 19:42:32 - ERROR - Failed to get stay | {}
29/03/2022, 19:43:26 - INFO - Req!!!
29/03/2022, 19:43:26 - INFO - Req!!!
29/03/2022, 19:43:26 - ERROR - Failed to get stay | {}
29/03/2022, 19:43:30 - INFO - Req!!!
29/03/2022, 19:43:36 - INFO - Req!!!
29/03/2022, 19:43:36 - ERROR - Failed to get stay | {}
29/03/2022, 19:44:14 - INFO - Server is running on port: 3030
29/03/2022, 19:44:16 - INFO - Req!!!
29/03/2022, 19:44:24 - INFO - Req!!!
<<<<<<< HEAD
29/03/2022, 22:12:09 - INFO - Server is running on port: 3030
29/03/2022, 22:32:21 - INFO - Req!!!
29/03/2022, 23:52:29 - INFO - Req!!!
29/03/2022, 23:54:16 - INFO - Req!!!
30/03/2022, 0:11:20 - INFO - Req!!!
30/03/2022, 0:11:26 - INFO - Req!!!
30/03/2022, 0:11:28 - INFO - Req!!!
30/03/2022, 0:11:32 - INFO - Req!!!
30/03/2022, 0:11:45 - INFO - Req!!!
30/03/2022, 0:26:45 - INFO - Req!!!
30/03/2022, 0:30:32 - INFO - Req!!!
30/03/2022, 0:32:03 - INFO - Req!!!
30/03/2022, 1:03:09 - INFO - Req!!!
30/03/2022, 1:25:37 - ERROR - Cannot Connect to DB | {"ok":0,"code":8000,"codeName":"AtlasError"}
30/03/2022, 1:25:49 - ERROR - Cannot Connect to DB | {"ok":0,"code":8000,"codeName":"AtlasError"}
30/03/2022, 1:25:58 - ERROR - Cannot Connect to DB | {"ok":0,"code":8000,"codeName":"AtlasError"}
30/03/2022, 1:26:21 - ERROR - Cannot Connect to DB | {"ok":0,"code":8000,"codeName":"AtlasError"}
=======
29.3.2022, 19:50:42 - INFO - Server is running on port: 3030
29.3.2022, 19:52:46 - INFO - Req!!!
29.3.2022, 19:53:08 - INFO - Req!!!
29.3.2022, 19:53:30 - INFO - Req!!!
29.3.2022, 19:53:51 - INFO - Req!!!
3/29/2022, 8:14:10 PM - INFO - Server is running on port: 3030
3/29/2022, 8:15:49 PM - INFO - Req!!!
3/29/2022, 8:16:25 PM - INFO - Req!!!
3/29/2022, 8:16:30 PM - INFO - Req!!!
3/29/2022, 8:16:45 PM - INFO - Req!!!
3/29/2022, 8:18:13 PM - INFO - Req!!!
3/29/2022, 8:18:27 PM - INFO - Req!!!
3/29/2022, 8:23:29 PM - INFO - Req!!!
3/29/2022, 8:24:13 PM - INFO - Req!!!
3/29/2022, 8:25:48 PM - INFO - Server is running on port: 3030
3/29/2022, 8:26:30 PM - INFO - Req!!!
3/29/2022, 8:28:10 PM - INFO - Req!!!
3/29/2022, 8:35:13 PM - INFO - Req!!!
3/29/2022, 8:35:35 PM - INFO - Req!!!
3/29/2022, 8:38:10 PM - INFO - Req!!!
3/29/2022, 8:40:05 PM - INFO - Req!!!
3/29/2022, 8:43:36 PM - INFO - Req!!!
3/29/2022, 8:44:38 PM - INFO - Req!!!
3/29/2022, 8:45:23 PM - INFO - Req!!!
3/29/2022, 8:58:49 PM - INFO - Server is running on port: 3030
3/29/2022, 8:59:25 PM - INFO - Req!!!
3/29/2022, 8:59:56 PM - INFO - Req!!!
<<<<<<< HEAD
3/29/2022, 9:04:36 PM - INFO - Server is running on port: 3030
3/29/2022, 9:06:16 PM - INFO - Req!!!
3/29/2022, 9:06:27 PM - INFO - Req!!!
3/29/2022, 9:06:32 PM - INFO - Req!!!
3/29/2022, 9:38:27 PM - INFO - Req!!!
3/29/2022, 9:49:22 PM - INFO - Server is running on port: 3030
3/29/2022, 9:49:55 PM - INFO - Req!!!
3/29/2022, 9:52:03 PM - INFO - Req!!!
3/29/2022, 9:52:05 PM - INFO - Req!!!
3/29/2022, 9:52:22 PM - INFO - Req!!!
3/29/2022, 9:52:31 PM - INFO - Req!!!
3/29/2022, 9:55:45 PM - INFO - Server is running on port: 3030
3/29/2022, 9:56:06 PM - INFO - Req!!!
3/29/2022, 9:56:07 PM - INFO - Req!!!
3/29/2022, 9:56:54 PM - INFO - Req!!!
3/29/2022, 9:58:54 PM - INFO - Server is running on port: 3030
3/29/2022, 9:59:35 PM - INFO - Req!!!
3/29/2022, 9:59:52 PM - INFO - Req!!!
3/29/2022, 10:00:07 PM - INFO - Req!!!
3/29/2022, 10:02:51 PM - INFO - Req!!!
3/29/2022, 10:03:11 PM - INFO - Req!!!
3/29/2022, 10:04:55 PM - INFO - Server is running on port: 3030
3/29/2022, 10:05:08 PM - INFO - Req!!!
3/29/2022, 10:05:26 PM - INFO - Req!!!
3/29/2022, 10:05:44 PM - INFO - Req!!!
3/29/2022, 10:09:36 PM - INFO - Server is running on port: 3030
3/29/2022, 10:09:41 PM - INFO - Req!!!
3/29/2022, 10:10:02 PM - INFO - Req!!!
3/29/2022, 10:28:08 PM - INFO - Req!!!
3/29/2022, 10:42:09 PM - INFO - Req!!!
3/29/2022, 10:53:55 PM - INFO - Req!!!
3/29/2022, 10:54:19 PM - INFO - Req!!!
3/29/2022, 10:58:06 PM - INFO - Req!!!
3/29/2022, 11:28:45 PM - INFO - Req!!!
3/29/2022, 11:50:12 PM - INFO - Req!!!
3/29/2022, 11:51:39 PM - INFO - Req!!!
3/29/2022, 11:52:43 PM - INFO - Req!!!
3/29/2022, 11:59:34 PM - INFO - Req!!!
3/30/2022, 12:01:44 AM - INFO - Req!!!
3/30/2022, 12:07:25 AM - INFO - Req!!!
3/30/2022, 12:42:35 AM - INFO - Req!!!
3/30/2022, 8:46:44 AM - INFO - Req!!!
3/30/2022, 9:04:51 AM - INFO - Server is running on port: 3030
3/30/2022, 9:12:19 AM - INFO - Server is running on port: 3030
3/30/2022, 9:12:36 AM - INFO - Req!!!
3/30/2022, 9:13:04 AM - INFO - Req!!!
3/30/2022, 9:25:13 AM - INFO - Req!!!
3/30/2022, 9:37:43 AM - INFO - Req!!!
3/30/2022, 9:41:38 AM - INFO - Req!!!
3/30/2022, 10:13:09 AM - INFO - Req!!!
3/30/2022, 10:13:22 AM - INFO - Req!!!
3/30/2022, 10:15:59 AM - INFO - Req!!!
3/30/2022, 10:16:04 AM - INFO - Req!!!
3/30/2022, 11:30:51 AM - INFO - Req!!!
3/30/2022, 11:35:08 AM - INFO - Req!!!
3/30/2022, 11:35:10 AM - INFO - Req!!!
3/30/2022, 11:47:14 AM - INFO - Req!!!
3/30/2022, 11:50:01 AM - INFO - Req!!!
3/30/2022, 11:50:54 AM - INFO - Req!!!
3/30/2022, 11:51:15 AM - INFO - Req!!!
3/30/2022, 12:53:04 PM - INFO - Req!!!
3/30/2022, 12:59:15 PM - INFO - Req!!!
3/30/2022, 12:59:38 PM - INFO - Req!!!
3/30/2022, 12:59:41 PM - INFO - Req!!!
3/30/2022, 1:00:13 PM - INFO - Req!!!
3/30/2022, 1:00:16 PM - INFO - Req!!!
3/30/2022, 1:11:03 PM - INFO - Req!!!
3/30/2022, 1:11:05 PM - INFO - Req!!!
3/30/2022, 1:11:32 PM - INFO - Req!!!
3/30/2022, 1:11:34 PM - INFO - Req!!!
3/30/2022, 1:13:17 PM - INFO - Req!!!
3/30/2022, 1:13:19 PM - INFO - Req!!!
3/30/2022, 1:14:02 PM - INFO - Req!!!
3/30/2022, 1:14:03 PM - INFO - Req!!!
3/30/2022, 1:16:13 PM - INFO - Req!!!
3/30/2022, 1:16:15 PM - INFO - Req!!!
3/30/2022, 1:25:55 PM - INFO - Req!!!
3/30/2022, 1:25:57 PM - INFO - Req!!!
3/30/2022, 1:58:09 PM - INFO - Req!!!
3/30/2022, 2:01:31 PM - INFO - Req!!!
3/30/2022, 2:01:37 PM - INFO - Req!!!
3/30/2022, 2:19:30 PM - INFO - Req!!!
3/30/2022, 2:19:37 PM - INFO - Req!!!
3/30/2022, 2:21:55 PM - INFO - Req!!!
3/30/2022, 2:21:55 PM - INFO - Req!!!
3/30/2022, 2:24:36 PM - INFO - Req!!!
3/30/2022, 2:24:36 PM - INFO - Req!!!
3/30/2022, 2:39:19 PM - INFO - Req!!!
3/30/2022, 2:39:42 PM - INFO - Req!!!
3/30/2022, 3:25:49 PM - INFO - Req!!!
3/30/2022, 3:26:47 PM - INFO - Req!!!
3/30/2022, 3:27:47 PM - INFO - Req!!!
3/30/2022, 3:27:50 PM - INFO - Req!!!
3/30/2022, 3:27:51 PM - INFO - Req!!!
3/30/2022, 5:58:03 PM - INFO - Req!!!
3/30/2022, 5:58:11 PM - INFO - Req!!!
3/30/2022, 5:58:19 PM - INFO - Req!!!
3/30/2022, 5:58:23 PM - INFO - Req!!!
3/30/2022, 5:58:29 PM - INFO - Req!!!
3/30/2022, 5:59:00 PM - INFO - Req!!!
3/30/2022, 5:59:02 PM - INFO - Req!!!
3/30/2022, 5:59:43 PM - INFO - Req!!!
3/30/2022, 5:59:47 PM - INFO - Req!!!
3/30/2022, 5:59:53 PM - INFO - Req!!!
3/30/2022, 5:59:55 PM - INFO - Req!!!
3/30/2022, 5:59:56 PM - INFO - Req!!!
3/30/2022, 6:00:09 PM - INFO - Req!!!
3/30/2022, 6:00:15 PM - INFO - Req!!!
3/30/2022, 6:00:39 PM - INFO - Req!!!
3/30/2022, 6:10:54 PM - INFO - Req!!!
3/30/2022, 6:10:55 PM - INFO - Req!!!
3/30/2022, 6:39:24 PM - INFO - Req!!!
3/30/2022, 6:39:39 PM - INFO - Req!!!
3/30/2022, 7:18:48 PM - INFO - Req!!!
3/30/2022, 7:18:51 PM - INFO - Req!!!
3/30/2022, 7:18:51 PM - INFO - Req!!!
3/30/2022, 7:19:15 PM - INFO - Req!!!
3/30/2022, 7:19:18 PM - INFO - Req!!!
3/30/2022, 7:57:07 PM - INFO - Req!!!
3/30/2022, 7:57:14 PM - INFO - Req!!!
3/30/2022, 8:22:01 PM - INFO - Req!!!
3/30/2022, 9:36:26 PM - INFO - Req!!!
3/30/2022, 9:38:12 PM - INFO - Req!!!
3/30/2022, 9:53:55 PM - INFO - Req!!!
3/30/2022, 9:56:06 PM - INFO - Req!!!
3/30/2022, 9:56:09 PM - INFO - Req!!!
3/30/2022, 9:57:21 PM - INFO - Req!!!
3/30/2022, 9:57:23 PM - INFO - Req!!!
3/30/2022, 10:09:04 PM - INFO - Req!!!
3/30/2022, 10:09:07 PM - INFO - Req!!!
3/30/2022, 10:09:10 PM - INFO - Req!!!
3/30/2022, 10:09:12 PM - INFO - Req!!!
3/30/2022, 10:09:16 PM - INFO - Req!!!
3/30/2022, 10:09:20 PM - INFO - Req!!!
3/30/2022, 10:17:12 PM - INFO - Req!!!
3/30/2022, 10:17:24 PM - INFO - Req!!!
3/30/2022, 10:17:29 PM - INFO - Req!!!
3/30/2022, 10:17:35 PM - INFO - Req!!!
3/30/2022, 10:17:39 PM - INFO - Req!!!
3/30/2022, 10:22:00 PM - INFO - Req!!!
3/30/2022, 10:24:43 PM - INFO - Req!!!
3/30/2022, 10:27:49 PM - INFO - Req!!!
3/30/2022, 10:38:19 PM - INFO - Req!!!
3/30/2022, 10:52:28 PM - INFO - Req!!!
3/30/2022, 10:52:34 PM - INFO - Req!!!
3/30/2022, 11:37:16 PM - INFO - Req!!!
3/30/2022, 11:51:50 PM - INFO - Req!!!
3/30/2022, 11:52:03 PM - INFO - Req!!!
3/30/2022, 11:56:34 PM - INFO - Req!!!
3/31/2022, 12:11:50 AM - INFO - Req!!!
3/31/2022, 12:11:53 AM - INFO - Req!!!
3/31/2022, 12:23:52 AM - INFO - Req!!!
3/31/2022, 12:23:55 AM - INFO - Req!!!
3/31/2022, 12:24:58 AM - INFO - Req!!!
3/31/2022, 12:25:14 AM - INFO - Req!!!
3/31/2022, 1:04:09 AM - INFO - Req!!!
3/31/2022, 1:04:20 AM - INFO - Req!!!
3/31/2022, 1:15:30 AM - INFO - Server is running on port: 3030
=======
>>>>>>> 93dc7c68475c67bbb364eca6b0f1410b4c68114f
30.3.2022, 14:54:20 - INFO - Server is running on port: 3030
30.3.2022, 14:55:03 - INFO - Req!!!
30.3.2022, 14:58:38 - INFO - Req!!!
30.3.2022, 15:04:30 - INFO - Req!!!
30.3.2022, 15:08:06 - INFO - Server is running on port: 3030
<<<<<<< HEAD
30/03/2022, 16:23:40 - INFO - Server is running on port: 3030
30/03/2022, 16:23:48 - INFO - Req!!!
30/03/2022, 16:23:57 - INFO - Req!!!
30/03/2022, 16:24:47 - INFO - Req!!!
30/03/2022, 18:25:31 - INFO - Server is running on port: 3030
30/03/2022, 18:25:48 - INFO - Req!!!
30/03/2022, 18:26:12 - INFO - Req!!!
30/03/2022, 18:26:23 - INFO - Req!!!
30/03/2022, 18:31:38 - INFO - Req!!!
30/03/2022, 18:31:41 - INFO - Req!!!
30/03/2022, 18:31:54 - INFO - Req!!!
30/03/2022, 18:31:54 - INFO - Req!!!
30/03/2022, 19:20:18 - INFO - Req!!!
30/03/2022, 19:20:37 - INFO - Req!!!
30/03/2022, 19:20:42 - INFO - Req!!!
30/03/2022, 19:22:28 - INFO - Req!!!
30/03/2022, 19:22:37 - INFO - Req!!!
30/03/2022, 19:22:40 - INFO - Req!!!
30/03/2022, 19:22:46 - INFO - Req!!!
30/03/2022, 19:29:52 - INFO - Req!!!
30/03/2022, 19:29:54 - INFO - Req!!!
30/03/2022, 19:54:53 - INFO - Req!!!
30/03/2022, 19:56:31 - INFO - Req!!!
30/03/2022, 19:57:53 - INFO - Req!!!
30/03/2022, 19:58:52 - INFO - Req!!!
30/03/2022, 20:06:00 - INFO - Req!!!
30/03/2022, 20:06:09 - INFO - Req!!!
30/03/2022, 20:08:12 - INFO - Req!!!
30/03/2022, 20:08:21 - INFO - Req!!!
30/03/2022, 21:44:38 - INFO - Req!!!
30/03/2022, 21:44:38 - INFO - Req!!!
30/03/2022, 22:30:00 - INFO - Req!!!
30/03/2022, 22:40:57 - INFO - Server is running on port: 3030
30/03/2022, 22:41:17 - INFO - Server is running on port: 3030
30/03/2022, 22:41:51 - INFO - Server is running on port: 3030
30/03/2022, 22:42:50 - INFO - Server is running on port: 3030
30/03/2022, 22:47:46 - INFO - Req!!!
30/03/2022, 22:47:46 - ERROR - Cannot find stays | {}
30/03/2022, 22:47:46 - ERROR - Failed to get stays | {}
30/03/2022, 22:48:01 - INFO - Req!!!
30/03/2022, 22:48:01 - ERROR - Cannot find stays | {}
30/03/2022, 22:48:01 - ERROR - Failed to get stays | {}
30/03/2022, 22:48:12 - INFO - Req!!!
30/03/2022, 22:48:12 - ERROR - Cannot find stays | {}
30/03/2022, 22:48:12 - ERROR - Failed to get stays | {}
30/03/2022, 22:48:30 - INFO - Req!!!
30/03/2022, 22:48:30 - ERROR - Cannot find stays | {}
30/03/2022, 22:48:30 - ERROR - Failed to get stays | {}
30/03/2022, 22:48:51 - INFO - Req!!!
30/03/2022, 22:48:51 - ERROR - Cannot find stays | {}
30/03/2022, 22:48:51 - ERROR - Failed to get stays | {}
30/03/2022, 22:48:55 - INFO - Req!!!
30/03/2022, 22:48:55 - ERROR - Cannot find stays | {}
30/03/2022, 22:48:55 - ERROR - Failed to get stays | {}
30/03/2022, 22:49:05 - INFO - Req!!!
30/03/2022, 22:49:05 - ERROR - Cannot find stays | {}
30/03/2022, 22:49:05 - ERROR - Failed to get stays | {}
30/03/2022, 22:49:05 - INFO - Req!!!
30/03/2022, 22:49:05 - ERROR - Cannot find stays | {}
30/03/2022, 22:49:05 - ERROR - Failed to get stays | {}
30/03/2022, 22:49:05 - INFO - Req!!!
30/03/2022, 22:49:05 - ERROR - Cannot find stays | {}
30/03/2022, 22:49:05 - ERROR - Failed to get stays | {}
30/03/2022, 22:49:05 - INFO - Req!!!
30/03/2022, 22:49:05 - ERROR - Cannot find stays | {}
30/03/2022, 22:49:05 - ERROR - Failed to get stays | {}
30/03/2022, 22:49:45 - INFO - Req!!!
30/03/2022, 22:49:45 - ERROR - Cannot find stays | {}
30/03/2022, 22:49:45 - ERROR - Failed to get stays | {}
30/03/2022, 22:49:45 - INFO - Req!!!
30/03/2022, 22:49:45 - ERROR - Cannot find stays | {}
30/03/2022, 22:49:45 - ERROR - Failed to get stays | {}
30/03/2022, 22:49:49 - INFO - Req!!!
30/03/2022, 22:49:49 - ERROR - Cannot find stays | {}
30/03/2022, 22:49:49 - ERROR - Failed to get stays | {}
30/03/2022, 22:49:49 - INFO - Req!!!
30/03/2022, 22:49:49 - ERROR - Cannot find stays | {}
30/03/2022, 22:49:49 - ERROR - Failed to get stays | {}
30/03/2022, 22:49:59 - INFO - Req!!!
30/03/2022, 22:49:59 - ERROR - Cannot find stays | {}
30/03/2022, 22:49:59 - ERROR - Failed to get stays | {}
30/03/2022, 22:49:59 - INFO - Req!!!
30/03/2022, 22:49:59 - ERROR - Cannot find stays | {}
30/03/2022, 22:49:59 - ERROR - Failed to get stays | {}
30/03/2022, 22:51:05 - INFO - Server is running on port: 3030
30/03/2022, 22:51:24 - INFO - Req!!!
30/03/2022, 22:51:24 - ERROR - Cannot find stays | {}
30/03/2022, 22:51:24 - ERROR - Failed to get stays | {}
30/03/2022, 22:51:32 - INFO - Req!!!
30/03/2022, 22:51:32 - ERROR - Cannot find stays | {}
30/03/2022, 22:51:32 - ERROR - Failed to get stays | {}
30/03/2022, 22:51:32 - INFO - Req!!!
30/03/2022, 22:51:32 - ERROR - Cannot find stays | {}
30/03/2022, 22:51:32 - ERROR - Failed to get stays | {}
30/03/2022, 22:51:33 - INFO - Req!!!
30/03/2022, 22:51:33 - ERROR - Cannot find stays | {}
30/03/2022, 22:51:33 - ERROR - Failed to get stays | {}
30/03/2022, 22:51:33 - INFO - Req!!!
30/03/2022, 22:51:33 - ERROR - Cannot find stays | {}
30/03/2022, 22:51:33 - ERROR - Failed to get stays | {}
30/03/2022, 22:56:33 - INFO - Server is running on port: 3030
30/03/2022, 22:57:49 - INFO - Server is running on port: 3030
30/03/2022, 22:58:42 - INFO - Server is running on port: 3030
30/03/2022, 22:58:45 - INFO - Req!!!
30/03/2022, 22:58:53 - INFO - Req!!!
30/03/2022, 22:59:00 - INFO - Req!!!
30/03/2022, 22:59:13 - INFO - Req!!!
30/03/2022, 22:59:13 - INFO - Req!!!
30/03/2022, 23:01:17 - INFO - Req!!!
30/03/2022, 23:01:22 - INFO - Req!!!
30/03/2022, 23:01:27 - INFO - Req!!!
30/03/2022, 23:01:28 - INFO - Req!!!
30/03/2022, 23:02:11 - INFO - Req!!!
30/03/2022, 23:02:11 - INFO - Req!!!
30/03/2022, 23:02:27 - INFO - Req!!!
30/03/2022, 23:02:33 - INFO - Req!!!
30/03/2022, 23:02:40 - INFO - Req!!!
30/03/2022, 23:02:40 - INFO - Req!!!
30/03/2022, 23:02:52 - INFO - Req!!!
30/03/2022, 23:03:25 - INFO - Req!!!
30/03/2022, 23:03:30 - INFO - Req!!!
30/03/2022, 23:03:52 - INFO - Req!!!
30/03/2022, 23:04:03 - INFO - Req!!!
30/03/2022, 23:04:03 - INFO - Req!!!
30/03/2022, 23:06:33 - INFO - Req!!!
30/03/2022, 23:06:37 - INFO - Req!!!
30/03/2022, 23:06:48 - INFO - Req!!!
30/03/2022, 23:06:48 - INFO - Req!!!
30/03/2022, 23:10:06 - INFO - Req!!!
30/03/2022, 23:10:10 - INFO - Req!!!
30/03/2022, 23:10:26 - INFO - Req!!!
30/03/2022, 23:10:42 - INFO - Req!!!
30/03/2022, 23:10:42 - INFO - Req!!!
30/03/2022, 23:13:22 - INFO - Req!!!
30/03/2022, 23:13:26 - INFO - Req!!!
30/03/2022, 23:13:44 - INFO - Req!!!
30/03/2022, 23:13:50 - INFO - Req!!!
30/03/2022, 23:15:30 - INFO - Req!!!
30/03/2022, 23:15:39 - INFO - Req!!!
30/03/2022, 23:15:39 - INFO - Req!!!
30/03/2022, 23:35:02 - INFO - Req!!!
30/03/2022, 23:35:07 - INFO - Req!!!
30/03/2022, 23:35:18 - INFO - Req!!!
30/03/2022, 23:38:57 - INFO - Req!!!
30/03/2022, 23:39:07 - INFO - Req!!!
30/03/2022, 23:39:14 - INFO - Req!!!
30/03/2022, 23:39:22 - INFO - Req!!!
30/03/2022, 23:39:28 - INFO - Req!!!
30/03/2022, 23:39:36 - INFO - Req!!!
30/03/2022, 23:39:37 - INFO - Req!!!
30/03/2022, 23:40:20 - INFO - Req!!!
30/03/2022, 23:40:25 - INFO - Req!!!
30/03/2022, 23:40:41 - INFO - Req!!!
30/03/2022, 23:41:09 - INFO - Req!!!
30/03/2022, 23:41:09 - INFO - Req!!!
30/03/2022, 23:47:46 - INFO - Server is running on port: 3030
30/03/2022, 23:47:51 - INFO - Req!!!
30/03/2022, 23:48:03 - INFO - Req!!!
30/03/2022, 23:48:03 - INFO - Req!!!
30/03/2022, 23:48:03 - INFO - Req!!!
30/03/2022, 23:50:14 - INFO - Server is running on port: 3030
30/03/2022, 23:50:19 - INFO - Req!!!
30/03/2022, 23:50:26 - INFO - Req!!!
30/03/2022, 23:52:34 - INFO - Req!!!
30/03/2022, 23:52:43 - INFO - Req!!!
30/03/2022, 23:52:54 - INFO - Req!!!
30/03/2022, 23:52:54 - INFO - Req!!!
30/03/2022, 23:54:58 - INFO - Req!!!
30/03/2022, 23:55:15 - INFO - Req!!!
30/03/2022, 23:55:36 - INFO - Req!!!
30/03/2022, 23:55:57 - INFO - Req!!!
30/03/2022, 23:56:54 - INFO - Req!!!
31/03/2022, 0:00:23 - INFO - Req!!!
31/03/2022, 0:07:08 - INFO - Server is running on port: 3030
31/03/2022, 0:07:21 - INFO - Req!!!
31/03/2022, 0:07:51 - INFO - Req!!!
=======
30.3.2022, 17:14:53 - INFO - Server is running on port: 3030
30.3.2022, 17:15:30 - INFO - Req!!!
30.3.2022, 17:17:06 - INFO - Req!!!
30.3.2022, 17:17:41 - INFO - Req!!!
30.3.2022, 17:21:51 - INFO - Server is running on port: 3030
30.3.2022, 17:21:53 - INFO - Req!!!
30.3.2022, 17:21:53 - INFO - Req!!!
30.3.2022, 17:25:03 - INFO - Req!!!
30.3.2022, 17:25:03 - INFO - Req!!!
30.3.2022, 17:25:32 - INFO - Req!!!
30.3.2022, 17:25:33 - INFO - Req!!!
30.3.2022, 17:26:49 - INFO - Server is running on port: 3030
30.3.2022, 17:27:01 - INFO - Req!!!
30.3.2022, 17:27:01 - INFO - Req!!!
30.3.2022, 17:29:28 - INFO - Req!!!
30.3.2022, 17:29:28 - INFO - Req!!!
30.3.2022, 17:30:27 - INFO - Req!!!
30.3.2022, 17:30:28 - INFO - Req!!!
30.3.2022, 17:32:23 - INFO - Req!!!
30.3.2022, 17:32:24 - INFO - Req!!!
30.3.2022, 17:33:54 - INFO - Req!!!
30.3.2022, 17:33:55 - INFO - Req!!!
30.3.2022, 17:34:51 - INFO - Req!!!
30.3.2022, 17:34:52 - INFO - Req!!!
30.3.2022, 17:42:18 - INFO - Req!!!
30.3.2022, 17:42:19 - INFO - Req!!!
30.3.2022, 17:43:33 - INFO - Req!!!
30.3.2022, 17:43:34 - INFO - Req!!!
30.3.2022, 17:43:34 - ERROR - While finding stay undefined | {}
30.3.2022, 17:43:34 - ERROR - Failed to get stay | {}
30.3.2022, 17:45:43 - INFO - Req!!!
30.3.2022, 17:45:44 - INFO - Req!!!
30.3.2022, 17:46:04 - INFO - Req!!!
30.3.2022, 17:46:04 - ERROR - While finding stay undefined | {}
30.3.2022, 17:46:04 - ERROR - Failed to get stay | {}
30.3.2022, 17:47:56 - INFO - Req!!!
30.3.2022, 17:52:30 - INFO - Req!!!
30.3.2022, 17:55:23 - INFO - Req!!!
30.3.2022, 17:55:26 - INFO - Req!!!
30.3.2022, 17:56:20 - INFO - Req!!!
30.3.2022, 17:56:20 - INFO - Req!!!
30.3.2022, 17:59:48 - INFO - Req!!!
30.3.2022, 17:59:48 - INFO - Req!!!
30.3.2022, 18:03:26 - INFO - Req!!!
30.3.2022, 18:03:59 - INFO - Req!!!
30.3.2022, 18:04:22 - INFO - Req!!!
30.3.2022, 18:04:22 - INFO - Req!!!
30.3.2022, 18:06:05 - INFO - Req!!!
30.3.2022, 18:06:06 - INFO - Req!!!
30.3.2022, 18:09:54 - INFO - Req!!!
30.3.2022, 18:10:04 - INFO - Req!!!
30.3.2022, 18:10:05 - INFO - Req!!!
30.3.2022, 18:10:18 - INFO - Req!!!
30.3.2022, 18:10:18 - INFO - Req!!!
30.3.2022, 18:11:49 - INFO - Req!!!
30.3.2022, 18:11:50 - INFO - Req!!!
>>>>>>> cf46735281cc127330e325e00b7e0958ed4d4bfb
<<<<<<< HEAD
31/03/2022, 0:12:59 - INFO - Server is running on port: 3030
31/03/2022, 0:13:03 - INFO - Req!!!
31/03/2022, 0:13:19 - INFO - Req!!!
31/03/2022, 0:17:02 - INFO - Server is running on port: 3030
31/03/2022, 0:20:07 - INFO - Req!!!
31/03/2022, 0:20:17 - INFO - Req!!!
31/03/2022, 0:20:30 - INFO - Req!!!
31/03/2022, 0:22:42 - INFO - Req!!!
31/03/2022, 0:23:04 - INFO - Req!!!
31/03/2022, 0:25:22 - INFO - Req!!!
31/03/2022, 0:25:42 - INFO - Req!!!
31/03/2022, 0:27:40 - INFO - Req!!!
31/03/2022, 0:27:41 - INFO - Req!!!
31/03/2022, 0:29:01 - INFO - Req!!!
31/03/2022, 0:37:42 - INFO - Req!!!
31/03/2022, 0:37:50 - INFO - Req!!!
31/03/2022, 0:40:27 - INFO - Req!!!
31/03/2022, 0:40:57 - INFO - Req!!!
31/03/2022, 0:41:47 - INFO - Req!!!
31/03/2022, 7:03:45 - INFO - Req!!!
31/03/2022, 7:04:34 - INFO - Server is running on port: 3030
31/03/2022, 7:05:05 - INFO - Server is running on port: 3030
31/03/2022, 7:05:32 - INFO - Req!!!
31/03/2022, 7:05:50 - INFO - Req!!!
31/03/2022, 7:05:51 - INFO - Req!!!
31/03/2022, 7:06:40 - INFO - Req!!!
31/03/2022, 7:09:40 - INFO - Req!!!
31/03/2022, 7:10:05 - INFO - Req!!!
31/03/2022, 7:10:07 - INFO - Req!!!
31/03/2022, 7:11:39 - INFO - Req!!!
31/03/2022, 7:11:56 - INFO - Req!!!
31/03/2022, 7:13:45 - INFO - Server is running on port: 3030
31/03/2022, 7:14:01 - INFO - Req!!!
31/03/2022, 7:14:10 - INFO - Req!!!
31/03/2022, 7:15:01 - INFO - Req!!!
31/03/2022, 7:15:07 - INFO - Req!!!
31/03/2022, 7:15:13 - INFO - Req!!!
31/03/2022, 7:31:41 - INFO - Req!!!
31/03/2022, 7:31:46 - INFO - Req!!!
31/03/2022, 7:31:51 - INFO - Req!!!
31/03/2022, 7:32:07 - INFO - Req!!!
31/03/2022, 7:32:28 - INFO - Server is running on port: 3030
31/03/2022, 7:32:46 - INFO - Req!!!
31/03/2022, 7:32:47 - INFO - Req!!!
31/03/2022, 7:34:07 - INFO - Server is running on port: 3030
31/03/2022, 7:34:09 - INFO - Req!!!
31/03/2022, 7:34:26 - INFO - Req!!!
31/03/2022, 7:34:26 - INFO - Req!!!
31/03/2022, 7:34:55 - INFO - Req!!!
31/03/2022, 7:35:06 - INFO - Req!!!
31/03/2022, 7:37:25 - INFO - Req!!!
31/03/2022, 7:37:40 - INFO - Req!!!
31/03/2022, 7:38:01 - INFO - Req!!!
31/03/2022, 7:38:06 - INFO - Req!!!
31/03/2022, 7:40:27 - INFO - Req!!!
31/03/2022, 7:46:46 - INFO - Server is running on port: 3030
31/03/2022, 7:53:17 - INFO - Server is running on port: 3030
31/03/2022, 7:53:41 - INFO - Req!!!
31/03/2022, 7:54:32 - INFO - Req!!!
31/03/2022, 7:55:25 - INFO - Req!!!
31/03/2022, 7:55:25 - ERROR - Cannot find stays | {}
31/03/2022, 7:55:25 - ERROR - Failed to get stays | {}
31/03/2022, 7:56:05 - INFO - Server is running on port: 3030
31/03/2022, 8:41:05 - INFO - Server is running on port: 3030
31/03/2022, 8:41:15 - INFO - Req!!!
31/03/2022, 8:41:31 - INFO - Req!!!
31/03/2022, 8:42:12 - INFO - Server is running on port: 3030
31/03/2022, 8:42:36 - INFO - Req!!!
31/03/2022, 8:42:36 - INFO - Req!!!
31/03/2022, 8:42:48 - INFO - Req!!!
31/03/2022, 8:42:51 - INFO - Req!!!
=======
>>>>>>> 87e132bb4941f16f8fffa2edf5fdbb04cb4e5fd0
<<<<<<< HEAD
3/31/2022, 12:25:09 PM - INFO - Server is running on port: 3030
=======
>>>>>>> c09d38cc998d4418766549773f1fea74a677b20c
31.3.2022, 9:08:49 - INFO - Server is running on port: 3030
31.3.2022, 9:13:52 - INFO - Server is running on port: 3030
31.3.2022, 9:18:43 - INFO - Server is running on port: 3030
31.3.2022, 9:19:53 - INFO - Server is running on port: 3030
31.3.2022, 9:24:17 - INFO - Server is running on port: 3030
31.3.2022, 9:25:27 - INFO - Server is running on port: 3031
31.3.2022, 9:26:10 - INFO - Server is running on port: 3031
31.3.2022, 9:31:51 - INFO - Server is running on port: 3031
31.3.2022, 9:33:45 - INFO - Server is running on port: 3031
31.3.2022, 9:34:42 - INFO - Server is running on port: 3031
31.3.2022, 9:35:39 - INFO - Server is running on port: 3031
31.3.2022, 9:36:39 - INFO - Req!!!
31.3.2022, 9:36:56 - INFO - Req!!!
31.3.2022, 9:38:40 - INFO - Req!!!
31.3.2022, 9:40:09 - INFO - Server is running on port: 3031
31.3.2022, 9:46:04 - INFO - Server is running on port: 3031
31.3.2022, 9:46:21 - INFO - Server is running on port: 3031
31.3.2022, 9:50:04 - INFO - Server is running on port: 3031
31.3.2022, 9:51:06 - INFO - Server is running on port: 3031
31.3.2022, 9:51:27 - INFO - Server is running on port: 3031
31.3.2022, 9:56:35 - INFO - Server is running on port: 3031
31.3.2022, 9:58:12 - INFO - Req!!!
31.3.2022, 9:59:29 - INFO - Req!!!
31.3.2022, 10:02:56 - INFO - Req!!!
31.3.2022, 10:13:13 - INFO - Req!!!
31.3.2022, 10:14:17 - INFO - Req!!!
31.3.2022, 10:15:51 - INFO - Req!!!
31.3.2022, 10:17:24 - INFO - Req!!!
31.3.2022, 10:18:33 - INFO - Req!!!
31.3.2022, 10:29:45 - INFO - Server is running on port: 3031
31.3.2022, 10:30:35 - INFO - Server is running on port: 3031
31.3.2022, 10:31:13 - INFO - Server is running on port: 3031
31.3.2022, 10:31:23 - INFO - Server is running on port: 3031
31.3.2022, 10:31:51 - INFO - Server is running on port: 3031
31.3.2022, 10:37:20 - INFO - Server is running on port: 3031
31.3.2022, 10:43:56 - INFO - Server is running on port: 3031
31.3.2022, 10:58:06 - INFO - Req!!!
31.3.2022, 10:58:06 - ERROR - Cannot find stays | {"ok":0,"code":2,"codeName":"BadValue","$clusterTime":{"clusterTime":{"$timestamp":"7081170502844153868"},"signature":{"hash":"hhWay3yy+tPIKiWwWuzkhuu1GsU=","keyId":{"low":2,"high":1638713817,"unsigned":false}}},"operationTime":{"$timestamp":"7081170502844153868"}}
31.3.2022, 10:58:06 - ERROR - Failed to get stays | {"ok":0,"code":2,"codeName":"BadValue","$clusterTime":{"clusterTime":{"$timestamp":"7081170502844153868"},"signature":{"hash":"hhWay3yy+tPIKiWwWuzkhuu1GsU=","keyId":{"low":2,"high":1638713817,"unsigned":false}}},"operationTime":{"$timestamp":"7081170502844153868"}}
31.3.2022, 10:59:10 - INFO - Server is running on port: 3031
31.3.2022, 10:59:31 - INFO - Req!!!
31.3.2022, 11:00:00 - INFO - Req!!!
31.3.2022, 11:05:58 - INFO - Req!!!
31.3.2022, 11:06:00 - INFO - Req!!!
31.3.2022, 11:08:21 - INFO - Req!!!
31.3.2022, 11:08:22 - INFO - Req!!!
31.3.2022, 11:14:52 - INFO - Server is running on port: 3031
31.3.2022, 11:15:46 - INFO - Req!!!
31.3.2022, 11:16:22 - INFO - Req!!!
31.3.2022, 11:19:21 - INFO - Server is running on port: 3031
31.3.2022, 11:21:16 - INFO - Server is running on port: 3031
31.3.2022, 11:22:16 - INFO - Req!!!
31.3.2022, 11:22:16 - ERROR - Cannot find stays | {"ok":0,"code":2,"codeName":"BadValue","$clusterTime":{"clusterTime":{"$timestamp":"7081176730546733079"},"signature":{"hash":"oyX/b1WMvjBd2zjb+MHjgFVLwgU=","keyId":{"low":2,"high":1638713817,"unsigned":false}}},"operationTime":{"$timestamp":"7081176730546733079"}}
31.3.2022, 11:22:16 - ERROR - Failed to get stays | {"ok":0,"code":2,"codeName":"BadValue","$clusterTime":{"clusterTime":{"$timestamp":"7081176730546733079"},"signature":{"hash":"oyX/b1WMvjBd2zjb+MHjgFVLwgU=","keyId":{"low":2,"high":1638713817,"unsigned":false}}},"operationTime":{"$timestamp":"7081176730546733079"}}
31.3.2022, 11:23:09 - INFO - Req!!!
31.3.2022, 11:23:09 - ERROR - Cannot find stays | {"ok":0,"code":2,"codeName":"BadValue","$clusterTime":{"clusterTime":{"$timestamp":"7081176958179999776"},"signature":{"hash":"ejhNwxDlOB5P7BOU7DT1kfREa3U=","keyId":{"low":2,"high":1638713817,"unsigned":false}}},"operationTime":{"$timestamp":"7081176958179999776"}}
31.3.2022, 11:23:09 - ERROR - Failed to get stays | {"ok":0,"code":2,"codeName":"BadValue","$clusterTime":{"clusterTime":{"$timestamp":"7081176958179999776"},"signature":{"hash":"ejhNwxDlOB5P7BOU7DT1kfREa3U=","keyId":{"low":2,"high":1638713817,"unsigned":false}}},"operationTime":{"$timestamp":"7081176958179999776"}}
31.3.2022, 11:24:09 - INFO - Server is running on port: 3030
31.3.2022, 11:24:09 - INFO - Req!!!
31.3.2022, 11:24:10 - ERROR - Cannot find stays | {"ok":0,"code":2,"codeName":"BadValue","$clusterTime":{"clusterTime":{"$timestamp":"7081177220173004811"},"signature":{"hash":"UvBu7r+9FdznzkUKTRBfxHGSbfM=","keyId":{"low":2,"high":1638713817,"unsigned":false}}},"operationTime":{"$timestamp":"7081177220173004811"}}
31.3.2022, 11:24:10 - ERROR - Failed to get stays | {"ok":0,"code":2,"codeName":"BadValue","$clusterTime":{"clusterTime":{"$timestamp":"7081177220173004811"},"signature":{"hash":"UvBu7r+9FdznzkUKTRBfxHGSbfM=","keyId":{"low":2,"high":1638713817,"unsigned":false}}},"operationTime":{"$timestamp":"7081177220173004811"}}
31.3.2022, 11:26:47 - INFO - Server is running on port: 3030
31.3.2022, 11:26:50 - INFO - Server is running on port: 3030
31.3.2022, 11:27:01 - INFO - Req!!!
31.3.2022, 11:32:58 - INFO - Server is running on port: 3030
31.3.2022, 11:33:24 - INFO - Req!!!
31.3.2022, 11:39:32 - INFO - Server is running on port: 3030
31.3.2022, 11:40:11 - INFO - Req!!!
31.3.2022, 11:41:50 - INFO - Server is running on port: 3030
31.3.2022, 11:48:57 - INFO - Server is running on port: 3030
31.3.2022, 11:49:28 - INFO - Req!!!
31.3.2022, 11:52:25 - INFO - Server is running on port: 3030
31.3.2022, 11:52:42 - INFO - Req!!!
31.3.2022, 11:54:09 - INFO - Server is running on port: 3030
31.3.2022, 11:54:30 - INFO - Req!!!
31.3.2022, 11:55:30 - INFO - Server is running on port: 3030
31.3.2022, 11:55:46 - INFO - Server is running on port: 3030
31.3.2022, 11:56:14 - INFO - Req!!!
31.3.2022, 11:57:48 - INFO - Server is running on port: 3030
31.3.2022, 11:57:55 - INFO - Req!!!
31.3.2022, 12:04:13 - INFO - Server is running on port: 3030
31.3.2022, 12:04:26 - INFO - Server is running on port: 3030
31.3.2022, 12:04:32 - INFO - Req!!!
31.3.2022, 12:04:45 - INFO - Req!!!
31.3.2022, 12:04:47 - INFO - Req!!!
31.3.2022, 12:04:54 - INFO - Req!!!
31.3.2022, 12:06:02 - INFO - Server is running on port: 3030
31.3.2022, 12:06:06 - INFO - Req!!!
31.3.2022, 12:08:38 - INFO - Server is running on port: 3030
31.3.2022, 12:08:45 - INFO - Req!!!
31.3.2022, 12:08:59 - INFO - Req!!!
<<<<<<< HEAD
>>>>>>> ed49e2ac63b3d7368ea9b5c583cd57d1268e6645
3/31/2022, 12:26:15 PM - INFO - Server is running on port: 3030
3/31/2022, 1:10:09 PM - INFO - Req!!!
3/31/2022, 1:23:16 PM - INFO - Req!!!
3/31/2022, 1:23:23 PM - INFO - Req!!!
3/31/2022, 1:23:27 PM - INFO - Req!!!
3/31/2022, 1:23:30 PM - INFO - Req!!!
3/31/2022, 1:23:41 PM - INFO - Req!!!
3/31/2022, 1:23:57 PM - INFO - Req!!!
3/31/2022, 1:33:16 PM - INFO - Req!!!
3/31/2022, 1:43:37 PM - INFO - Req!!!
3/31/2022, 1:47:32 PM - INFO - Req!!!
3/31/2022, 1:47:40 PM - INFO - Req!!!
3/31/2022, 2:24:17 PM - INFO - Req!!!
3/31/2022, 2:33:04 PM - INFO - Req!!!
3/31/2022, 2:59:12 PM - INFO - Req!!!
3/31/2022, 2:59:33 PM - INFO - Req!!!
3/31/2022, 3:00:07 PM - INFO - Req!!!
3/31/2022, 3:07:34 PM - INFO - Req!!!
3/31/2022, 3:10:14 PM - INFO - Req!!!
3/31/2022, 3:11:24 PM - INFO - Req!!!
3/31/2022, 3:16:03 PM - INFO - Req!!!
3/31/2022, 3:16:06 PM - INFO - Req!!!
3/31/2022, 3:33:11 PM - INFO - Req!!!
3/31/2022, 3:33:50 PM - INFO - Req!!!
3/31/2022, 3:58:18 PM - INFO - Req!!!
3/31/2022, 5:12:08 PM - INFO - Req!!!
3/31/2022, 5:42:35 PM - INFO - Req!!!
3/31/2022, 6:41:46 PM - INFO - Req!!!
3/31/2022, 6:43:30 PM - INFO - Req!!!
4/1/2022, 10:16:56 AM - INFO - Req!!!
4/1/2022, 10:17:50 AM - INFO - Req!!!
4/1/2022, 10:17:55 AM - INFO - Req!!!
4/1/2022, 10:23:47 AM - INFO - Req!!!
4/1/2022, 10:24:03 AM - INFO - Req!!!
4/1/2022, 10:40:53 AM - INFO - Req!!!
4/1/2022, 11:19:03 AM - INFO - Req!!!
4/1/2022, 11:20:06 AM - INFO - Req!!!
4/1/2022, 11:21:22 AM - INFO - Req!!!
4/1/2022, 11:33:05 AM - INFO - Req!!!
4/1/2022, 11:33:35 AM - INFO - Req!!!
4/1/2022, 11:49:26 AM - INFO - Req!!!
4/1/2022, 11:52:27 AM - INFO - Req!!!
4/1/2022, 11:53:25 AM - INFO - Req!!!
4/1/2022, 11:56:38 AM - INFO - Req!!!
4/1/2022, 12:04:06 PM - INFO - Req!!!
4/1/2022, 1:50:52 PM - INFO - Req!!!
4/1/2022, 1:57:05 PM - INFO - Req!!!
4/1/2022, 1:57:19 PM - INFO - Req!!!
4/1/2022, 2:00:19 PM - INFO - Req!!!
4/1/2022, 2:03:05 PM - INFO - Req!!!
4/1/2022, 2:24:11 PM - INFO - Req!!!
4/1/2022, 2:35:04 PM - INFO - Req!!!
4/1/2022, 2:37:29 PM - INFO - Req!!!
4/1/2022, 2:38:06 PM - INFO - Req!!!
4/1/2022, 2:38:32 PM - INFO - Req!!!
4/1/2022, 2:39:40 PM - INFO - Req!!!
4/1/2022, 2:40:33 PM - INFO - Req!!!
4/1/2022, 2:42:45 PM - INFO - Req!!!
4/1/2022, 2:43:02 PM - INFO - Req!!!
4/1/2022, 2:43:32 PM - INFO - Req!!!
4/1/2022, 2:48:59 PM - INFO - Req!!!
4/1/2022, 2:49:01 PM - INFO - Req!!!
4/1/2022, 2:50:24 PM - INFO - Req!!!
4/1/2022, 2:54:00 PM - INFO - Req!!!
4/1/2022, 2:54:22 PM - INFO - Req!!!
4/1/2022, 2:54:34 PM - INFO - Req!!!
4/1/2022, 2:57:49 PM - INFO - Req!!!
4/1/2022, 3:10:47 PM - INFO - Req!!!
4/1/2022, 3:11:05 PM - INFO - Req!!!
4/1/2022, 3:28:12 PM - INFO - Req!!!
4/1/2022, 3:28:22 PM - INFO - Req!!!
4/1/2022, 3:28:23 PM - INFO - Req!!!
4/1/2022, 3:28:59 PM - INFO - Req!!!
4/1/2022, 3:31:44 PM - INFO - Req!!!
4/1/2022, 3:33:14 PM - INFO - Req!!!
4/1/2022, 3:35:39 PM - INFO - Req!!!
4/1/2022, 3:35:57 PM - INFO - Req!!!
4/1/2022, 3:38:22 PM - INFO - Req!!!
4/1/2022, 3:38:23 PM - INFO - Req!!!
4/1/2022, 3:38:27 PM - INFO - Req!!!
4/1/2022, 3:38:28 PM - INFO - Req!!!
4/1/2022, 3:39:12 PM - INFO - Req!!!
4/1/2022, 4:21:14 PM - INFO - Req!!!
4/1/2022, 4:26:03 PM - INFO - Req!!!
4/1/2022, 4:36:00 PM - INFO - Req!!!
4/1/2022, 4:37:49 PM - INFO - Req!!!
4/1/2022, 4:40:58 PM - INFO - Req!!!
4/1/2022, 5:10:31 PM - INFO - Req!!!
4/1/2022, 5:11:34 PM - INFO - Req!!!
4/1/2022, 6:08:45 PM - INFO - Req!!!
4/1/2022, 6:09:15 PM - INFO - Req!!!
4/1/2022, 6:10:42 PM - INFO - Req!!!
4/1/2022, 6:10:42 PM - INFO - Req!!!
4/1/2022, 6:12:57 PM - INFO - Req!!!
4/1/2022, 6:12:57 PM - INFO - Req!!!
4/1/2022, 7:36:31 PM - INFO - Req!!!
4/1/2022, 7:39:55 PM - INFO - Req!!!
4/1/2022, 9:06:26 PM - INFO - Req!!!
4/1/2022, 9:06:27 PM - INFO - Req!!!
4/1/2022, 9:23:17 PM - INFO - Req!!!
4/1/2022, 9:23:18 PM - INFO - Req!!!
4/1/2022, 9:23:22 PM - INFO - Req!!!
4/1/2022, 9:23:23 PM - INFO - Req!!!
4/1/2022, 9:23:24 PM - INFO - Req!!!
4/1/2022, 9:23:25 PM - INFO - Req!!!
4/1/2022, 9:23:47 PM - INFO - Req!!!
4/1/2022, 9:24:17 PM - INFO - Req!!!
4/1/2022, 9:24:26 PM - INFO - Req!!!
4/1/2022, 9:34:23 PM - INFO - Req!!!
4/1/2022, 9:36:54 PM - INFO - Req!!!
4/1/2022, 9:36:55 PM - INFO - Req!!!
4/1/2022, 9:45:44 PM - INFO - Req!!!
4/1/2022, 9:50:33 PM - INFO - Req!!!
4/1/2022, 9:50:34 PM - INFO - Req!!!
4/1/2022, 10:05:04 PM - INFO - Req!!!
4/1/2022, 10:11:32 PM - INFO - Req!!!
4/1/2022, 10:11:32 PM - INFO - Req!!!
4/1/2022, 11:22:29 PM - INFO - Req!!!
4/1/2022, 11:22:54 PM - INFO - Req!!!
4/1/2022, 11:37:48 PM - INFO - Req!!!
4/1/2022, 11:38:06 PM - INFO - Req!!!
4/1/2022, 11:47:36 PM - INFO - Req!!!
4/1/2022, 11:53:51 PM - INFO - Req!!!
4/2/2022, 12:31:10 AM - INFO - Req!!!
4/2/2022, 12:31:12 AM - INFO - Req!!!
4/2/2022, 12:42:21 AM - INFO - Req!!!
4/2/2022, 12:42:22 AM - INFO - Req!!!
4/2/2022, 12:47:13 AM - INFO - Req!!!
4/2/2022, 12:47:14 AM - INFO - Req!!!
4/2/2022, 12:51:41 AM - INFO - Req!!!
4/2/2022, 12:51:42 AM - INFO - Req!!!
4/2/2022, 12:57:16 AM - INFO - Req!!!
4/2/2022, 12:57:17 AM - INFO - Req!!!
4/2/2022, 1:01:29 AM - INFO - Req!!!
4/2/2022, 1:01:30 AM - INFO - Req!!!
4/2/2022, 1:02:39 AM - INFO - Req!!!
4/2/2022, 1:08:01 AM - INFO - Req!!!
4/2/2022, 1:08:02 AM - INFO - Req!!!
4/2/2022, 1:16:13 AM - INFO - Req!!!
4/2/2022, 1:16:14 AM - INFO - Req!!!
4/2/2022, 1:29:46 AM - INFO - Req!!!
4/2/2022, 1:29:47 AM - INFO - Req!!!
4/2/2022, 1:31:45 AM - INFO - Req!!!
4/2/2022, 1:31:46 AM - INFO - Req!!!
4/2/2022, 1:39:12 AM - INFO - Req!!!
4/2/2022, 1:42:33 AM - INFO - Req!!!
4/2/2022, 1:42:46 AM - INFO - Req!!!
4/2/2022, 1:42:52 AM - INFO - Req!!!
4/2/2022, 1:44:02 AM - INFO - Req!!!
4/2/2022, 1:44:35 AM - INFO - Req!!!
4/2/2022, 1:45:56 AM - INFO - Req!!!
4/2/2022, 1:47:06 AM - INFO - Req!!!
4/2/2022, 1:47:07 AM - INFO - Req!!!
4/2/2022, 1:51:25 AM - INFO - Req!!!
4/2/2022, 1:51:27 AM - INFO - Req!!!
4/2/2022, 1:51:28 AM - INFO - Req!!!
4/2/2022, 1:51:29 AM - INFO - Req!!!
4/2/2022, 2:22:09 AM - INFO - Req!!!
4/2/2022, 2:22:16 AM - INFO - Req!!!
4/2/2022, 2:41:34 AM - INFO - Req!!!
4/2/2022, 2:41:35 AM - INFO - Req!!!
4/2/2022, 2:41:36 AM - INFO - Req!!!
4/2/2022, 2:41:38 AM - INFO - Req!!!
4/2/2022, 2:43:01 AM - INFO - Req!!!
4/2/2022, 2:43:01 AM - INFO - Req!!!
4/2/2022, 2:44:28 AM - INFO - Req!!!
4/2/2022, 3:20:51 AM - INFO - Req!!!
4/2/2022, 3:20:51 AM - INFO - Req!!!
4/2/2022, 3:20:52 AM - INFO - Req!!!
4/2/2022, 3:20:52 AM - INFO - Req!!!
4/2/2022, 10:21:32 AM - INFO - Req!!!
4/2/2022, 10:21:33 AM - INFO - Req!!!
4/2/2022, 10:21:33 AM - INFO - Req!!!
4/2/2022, 10:21:33 AM - INFO - Req!!!
4/2/2022, 10:31:30 AM - INFO - Req!!!
4/2/2022, 10:31:30 AM - INFO - Req!!!
4/2/2022, 10:32:07 AM - INFO - Req!!!
4/2/2022, 10:32:50 AM - INFO - Req!!!
4/2/2022, 10:33:00 AM - INFO - Req!!!
4/2/2022, 10:33:11 AM - INFO - Req!!!
4/2/2022, 10:33:12 AM - INFO - Req!!!
4/2/2022, 10:33:55 AM - INFO - Req!!!
4/2/2022, 10:33:55 AM - INFO - Req!!!
4/2/2022, 10:40:12 AM - INFO - Req!!!
4/2/2022, 10:44:21 AM - INFO - Req!!!
4/2/2022, 10:44:22 AM - INFO - Req!!!
4/2/2022, 10:47:52 AM - INFO - Req!!!
4/2/2022, 10:50:50 AM - INFO - Req!!!
=======
31.3.2022, 13:02:00 - INFO - Req!!!
31.3.2022, 13:28:04 - INFO - Req!!!
31.3.2022, 13:39:15 - INFO - Req!!!
31.3.2022, 13:42:52 - INFO - Req!!!
31.3.2022, 13:49:11 - INFO - Server is running on port: 3030
31.3.2022, 13:50:40 - INFO - Server is running on port: 3030
31.3.2022, 13:52:37 - INFO - Server is running on port: 3030
31.3.2022, 13:53:29 - INFO - Req!!!
31.3.2022, 13:53:39 - INFO - Req!!!
31.3.2022, 13:53:48 - INFO - Req!!!
31.3.2022, 13:54:18 - ERROR - Failed to get orders | {}
31.3.2022, 13:54:53 - INFO - Server is running on port: 3030
31.3.2022, 13:54:59 - INFO - Req!!!
31.3.2022, 13:56:43 - INFO - Req!!!
31.3.2022, 14:12:29 - INFO - Req!!!
31.3.2022, 14:24:13 - INFO - Req!!!
31.3.2022, 14:25:08 - INFO - Req!!!
1.4.2022, 14:18:59 - INFO - Server is running on port: 3030
1.4.2022, 14:19:35 - INFO - Req!!!
1.4.2022, 14:20:04 - INFO - Req!!!
1.4.2022, 14:20:36 - INFO - Req!!!
1.4.2022, 14:21:19 - INFO - Req!!!
1.4.2022, 14:21:27 - INFO - Req!!!
1.4.2022, 14:28:24 - INFO - Req!!!
1.4.2022, 14:28:39 - INFO - Req!!!
1.4.2022, 14:28:49 - INFO - Req!!!
1.4.2022, 14:31:31 - INFO - Req!!!
1.4.2022, 14:43:15 - INFO - Req!!!
1.4.2022, 14:43:16 - INFO - Req!!!
1.4.2022, 14:45:08 - INFO - Req!!!
1.4.2022, 14:45:08 - INFO - Req!!!
1.4.2022, 14:48:24 - INFO - Req!!!
1.4.2022, 14:48:24 - INFO - Req!!!
1.4.2022, 14:48:43 - INFO - Req!!!
1.4.2022, 14:49:01 - INFO - Req!!!
1.4.2022, 14:49:09 - INFO - Req!!!
1.4.2022, 14:52:27 - INFO - Req!!!
1.4.2022, 14:52:28 - INFO - Req!!!
1.4.2022, 14:55:44 - INFO - Req!!!
1.4.2022, 14:55:45 - INFO - Req!!!
1.4.2022, 15:13:23 - INFO - Req!!!
1.4.2022, 15:13:23 - INFO - Req!!!
1.4.2022, 15:14:57 - INFO - Req!!!
1.4.2022, 15:14:57 - INFO - Req!!!
1.4.2022, 15:46:01 - INFO - Req!!!
1.4.2022, 15:46:01 - INFO - Req!!!
1.4.2022, 15:47:43 - INFO - Req!!!
1.4.2022, 15:52:51 - INFO - Req!!!
1.4.2022, 16:27:09 - INFO - Req!!!
1.4.2022, 16:27:32 - INFO - Req!!!
1.4.2022, 16:41:52 - INFO - Req!!!
1.4.2022, 16:41:53 - INFO - Req!!!
1.4.2022, 16:52:05 - INFO - Req!!!
1.4.2022, 16:52:06 - INFO - Req!!!
1.4.2022, 16:58:17 - INFO - Req!!!
1.4.2022, 16:58:18 - INFO - Req!!!
1.4.2022, 17:00:43 - INFO - Req!!!
1.4.2022, 17:00:43 - INFO - Req!!!
1.4.2022, 17:01:09 - INFO - Req!!!
1.4.2022, 17:01:21 - INFO - Req!!!
1.4.2022, 17:01:28 - INFO - Req!!!
1.4.2022, 18:07:05 - INFO - Req!!!
1.4.2022, 18:07:06 - INFO - Req!!!
1.4.2022, 18:10:11 - INFO - Req!!!
1.4.2022, 18:10:12 - INFO - Req!!!
1.4.2022, 18:14:51 - INFO - Req!!!
1.4.2022, 18:14:51 - INFO - Req!!!
1.4.2022, 18:18:57 - INFO - Req!!!
1.4.2022, 18:18:57 - INFO - Req!!!
1.4.2022, 19:15:29 - INFO - Req!!!
1.4.2022, 19:15:29 - INFO - Req!!!
1.4.2022, 19:40:09 - INFO - Req!!!
1.4.2022, 20:00:08 - INFO - Req!!!
1.4.2022, 21:29:16 - INFO - Req!!!
1.4.2022, 21:29:39 - INFO - Req!!!
1.4.2022, 21:29:46 - INFO - Req!!!
1.4.2022, 21:37:38 - INFO - Req!!!
1.4.2022, 21:51:06 - INFO - Req!!!
1.4.2022, 21:51:09 - INFO - Req!!!
1.4.2022, 22:32:11 - INFO - Req!!!
1.4.2022, 22:32:34 - INFO - Req!!!
1.4.2022, 22:32:42 - INFO - Req!!!
1.4.2022, 22:50:21 - INFO - Req!!!
1.4.2022, 22:50:24 - INFO - Req!!!
1.4.2022, 23:54:30 - INFO - Req!!!
1.4.2022, 23:55:51 - INFO - Req!!!
1.4.2022, 23:56:35 - INFO - Req!!!
1.4.2022, 23:56:42 - INFO - Req!!!
1.4.2022, 23:57:16 - INFO - Req!!!
1.4.2022, 23:57:19 - INFO - Req!!!
1.4.2022, 23:57:43 - INFO - Req!!!
1.4.2022, 23:57:45 - INFO - Req!!!
2.4.2022, 0:19:17 - INFO - Req!!!
2.4.2022, 0:22:30 - INFO - Req!!!
2.4.2022, 0:23:49 - INFO - Req!!!
2.4.2022, 0:44:02 - INFO - Req!!!
2.4.2022, 0:45:07 - INFO - Req!!!
2.4.2022, 0:45:35 - INFO - Req!!!
2.4.2022, 0:48:13 - INFO - Req!!!
2.4.2022, 0:52:31 - INFO - Req!!!
2.4.2022, 0:54:37 - INFO - Req!!!
2.4.2022, 1:01:01 - INFO - Server is running on port: 3030
2.4.2022, 1:02:52 - INFO - Server is running on port: 3030
2.4.2022, 1:22:01 - INFO - Server is running on port: 3030
2.4.2022, 1:22:15 - INFO - Req!!!
2.4.2022, 1:23:33 - INFO - Req!!!
2.4.2022, 1:24:28 - INFO - Req!!!
2.4.2022, 1:24:52 - INFO - Req!!!
2.4.2022, 1:26:22 - INFO - Req!!!
2.4.2022, 1:27:02 - INFO - Req!!!
2.4.2022, 1:31:14 - INFO - Req!!!
2.4.2022, 9:43:22 - INFO - Server is running on port: 3030
2.4.2022, 9:44:07 - INFO - Req!!!
2.4.2022, 9:46:08 - INFO - Req!!!
2.4.2022, 9:46:22 - INFO - Req!!!
2.4.2022, 9:47:01 - INFO - Req!!!
2.4.2022, 9:48:37 - INFO - Req!!!
2.4.2022, 9:58:10 - INFO - Req!!!
2.4.2022, 9:58:19 - INFO - Req!!!
2.4.2022, 9:58:27 - INFO - Req!!!
2.4.2022, 9:58:32 - ERROR - Failed to update order | {}
2.4.2022, 9:59:37 - INFO - Server is running on port: 3030
2.4.2022, 9:59:47 - INFO - Req!!!
<<<<<<< HEAD
2.4.2022, 23:20:53 - INFO - Server is running on port: 3030
2.4.2022, 23:24:13 - INFO - Server is running on port: 3030
2.4.2022, 23:29:27 - INFO - Server is running on port: 3030
2.4.2022, 23:30:30 - INFO - Server is running on port: 3030
2.4.2022, 23:31:08 - INFO - Req!!!
=======
>>>>>>> b6cb36c81335e4de4764a605de065b21343aae79
4/2/2022, 10:59:34 AM - INFO - Server is running on port: 3030
4/2/2022, 11:07:04 AM - INFO - Server is running on port: 3030
4/2/2022, 11:07:24 AM - INFO - Req!!!
4/2/2022, 11:07:45 AM - INFO - Req!!!
4/2/2022, 11:30:46 AM - INFO - Req!!!
4/2/2022, 11:32:00 AM - INFO - Req!!!
4/2/2022, 11:32:01 AM - INFO - Req!!!
4/2/2022, 11:32:03 AM - INFO - Req!!!
4/2/2022, 11:32:04 AM - INFO - Req!!!
4/2/2022, 11:32:15 AM - INFO - Req!!!
4/2/2022, 12:35:08 PM - INFO - Req!!!
4/2/2022, 12:35:08 PM - INFO - Req!!!
4/2/2022, 12:36:10 PM - INFO - Req!!!
4/2/2022, 12:36:10 PM - INFO - Req!!!
4/2/2022, 12:37:10 PM - INFO - Req!!!
4/2/2022, 12:37:11 PM - INFO - Req!!!
4/2/2022, 12:37:35 PM - INFO - Req!!!
4/2/2022, 12:40:26 PM - INFO - Req!!!
4/2/2022, 12:40:27 PM - INFO - Req!!!
4/2/2022, 12:43:39 PM - INFO - Req!!!
4/2/2022, 12:44:52 PM - INFO - Req!!!
4/2/2022, 12:45:11 PM - INFO - Req!!!
4/2/2022, 12:45:21 PM - INFO - Req!!!
4/2/2022, 12:45:38 PM - INFO - Req!!!
4/2/2022, 12:45:51 PM - INFO - Req!!!
4/2/2022, 12:45:59 PM - INFO - Req!!!
4/2/2022, 12:48:13 PM - INFO - Req!!!
4/2/2022, 12:48:14 PM - INFO - Req!!!
4/2/2022, 12:56:30 PM - INFO - Req!!!
4/2/2022, 12:56:31 PM - INFO - Req!!!
4/2/2022, 12:59:05 PM - INFO - Req!!!
4/2/2022, 12:59:06 PM - INFO - Req!!!
4/2/2022, 1:00:07 PM - INFO - Req!!!
4/2/2022, 1:00:08 PM - INFO - Req!!!
4/2/2022, 1:00:52 PM - INFO - Req!!!
4/2/2022, 1:00:53 PM - INFO - Req!!!
4/2/2022, 1:01:02 PM - INFO - Req!!!
4/2/2022, 1:01:03 PM - INFO - Req!!!
4/2/2022, 1:01:19 PM - INFO - Req!!!
4/2/2022, 1:01:31 PM - INFO - Req!!!
4/2/2022, 1:01:46 PM - INFO - Req!!!
4/2/2022, 1:01:48 PM - INFO - Req!!!
4/2/2022, 1:02:05 PM - INFO - Req!!!
4/2/2022, 1:02:16 PM - INFO - Req!!!
4/2/2022, 1:02:32 PM - INFO - Req!!!
4/2/2022, 1:02:35 PM - INFO - Req!!!
4/2/2022, 1:04:41 PM - INFO - Req!!!
4/2/2022, 1:04:43 PM - INFO - Req!!!
4/2/2022, 1:18:31 PM - INFO - Req!!!
4/2/2022, 1:18:31 PM - INFO - Req!!!
4/2/2022, 1:35:52 PM - INFO - Req!!!
4/2/2022, 1:35:56 PM - INFO - Req!!!
4/2/2022, 1:35:59 PM - INFO - Req!!!
4/2/2022, 1:36:07 PM - INFO - Req!!!
4/2/2022, 1:39:30 PM - INFO - Req!!!
4/2/2022, 1:41:38 PM - INFO - Req!!!
4/2/2022, 1:41:39 PM - INFO - Req!!!
4/2/2022, 1:53:39 PM - INFO - Req!!!
4/2/2022, 1:53:39 PM - INFO - Req!!!
4/2/2022, 2:20:01 PM - INFO - Req!!!
4/2/2022, 2:20:01 PM - INFO - Req!!!
4/2/2022, 2:48:07 PM - INFO - Req!!!
4/2/2022, 2:48:14 PM - INFO - Req!!!
4/2/2022, 2:53:32 PM - INFO - Req!!!
4/2/2022, 2:53:59 PM - INFO - Req!!!
4/2/2022, 2:59:11 PM - INFO - Req!!!
4/2/2022, 3:05:03 PM - INFO - Req!!!
4/2/2022, 3:06:35 PM - INFO - Req!!!
4/2/2022, 3:47:29 PM - INFO - Req!!!
4/2/2022, 3:47:29 PM - INFO - Req!!!
4/2/2022, 3:47:29 PM - INFO - Req!!!
4/2/2022, 4:03:35 PM - INFO - Req!!!
4/2/2022, 5:00:29 PM - INFO - Req!!!
4/2/2022, 5:00:54 PM - INFO - Req!!!
4/2/2022, 5:02:57 PM - INFO - Req!!!
4/2/2022, 5:03:57 PM - INFO - Req!!!
4/2/2022, 5:12:47 PM - INFO - Req!!!
4/2/2022, 5:21:12 PM - INFO - Req!!!
4/2/2022, 6:13:59 PM - INFO - Req!!!
4/2/2022, 6:15:03 PM - INFO - Req!!!
4/2/2022, 7:12:06 PM - INFO - Req!!!
4/2/2022, 7:12:07 PM - INFO - Req!!!
4/2/2022, 7:58:32 PM - INFO - Req!!!
4/2/2022, 7:58:34 PM - INFO - Req!!!
4/2/2022, 7:59:13 PM - INFO - Req!!!
4/2/2022, 7:59:32 PM - INFO - Req!!!
4/2/2022, 8:00:51 PM - INFO - Req!!!
4/2/2022, 8:01:06 PM - INFO - Req!!!
4/2/2022, 8:03:37 PM - INFO - Req!!!
4/2/2022, 8:03:37 PM - INFO - Req!!!
4/2/2022, 8:04:03 PM - INFO - Req!!!
4/2/2022, 8:04:45 PM - INFO - Req!!!
4/2/2022, 8:05:20 PM - INFO - Req!!!
4/2/2022, 8:06:25 PM - INFO - Req!!!
4/2/2022, 8:06:26 PM - INFO - Req!!!
4/2/2022, 8:06:33 PM - INFO - Req!!!
4/3/2022, 6:31:18 AM - INFO - Req!!!
4/3/2022, 6:31:49 AM - ERROR - Failed to get stay | {"reason":{"type":"ReplicaSetNoPrimary","servers":{},"stale":false,"compatible":true,"heartbeatFrequencyMS":10000,"localThresholdMS":15,"setName":"atlas-g5svmb-shard-0","maxSetVersion":7,"maxElectionId":"7fffffff0000000000000045","commonWireVersion":13}}
>>>>>>> 6a9136e057774f65b0c40ed9f7467b721cf5ab4d
4.4.2022, 17:55:10 - INFO - Server is running on port: 3030
4.4.2022, 18:01:59 - INFO - Req!!!
4.4.2022, 18:02:00 - INFO - Req!!!
4.4.2022, 18:02:13 - INFO - Req!!!
4.4.2022, 18:07:25 - INFO - Req!!!
4.4.2022, 18:07:26 - INFO - Req!!!
4.4.2022, 18:09:05 - INFO - Req!!!
4.4.2022, 19:21:47 - INFO - Req!!!
4.4.2022, 19:23:28 - INFO - Req!!!
4.4.2022, 19:23:28 - INFO - Req!!!
4.4.2022, 20:15:51 - INFO - Server is running on port: 3030
